<?xml version="1.0" encoding="UTF-8"?>
<testsuite name="IntroLabTest" tests="2" skipped="0" failures="0" errors="0" timestamp="2022-09-12T23:38:14" hostname="Bens-MacBook-Air-2.local" time="0.036">
  <properties/>
  <testcase name="testBenEdidin" classname="IntroLabTest" time="0.035"/>
  <testcase name="testExampleStudent" classname="IntroLabTest" time="0.001"/>
  <system-out><![CDATA[]]></system-out>
  <system-err><![CDATA[]]></system-err>
</testsuite>
